<?xml version="1.0" encoding="UTF-8"?>
<!-- Generated by org.testng.reporters.JUnitReportReporter -->
<testsuite skipped="0" hostname="DESKTOP-RUAD0RO" name="com.accenttech.hrms.testCases.DataDrivenTest" tests="7" failures="0" timestamp="25 Apr 2021 13:20:16 GMT" time="83.997" errors="0">
  <testcase name="invalidCredentials" time="11.186" classname="com.accenttech.hrms.testCases.DataDrivenTest"/>
  <testcase name="invalidCredentials" time="11.908" classname="com.accenttech.hrms.testCases.DataDrivenTest"/>
  <testcase name="invalidCredentials" time="11.556" classname="com.accenttech.hrms.testCases.DataDrivenTest"/>
  <testcase name="invalidCredentials" time="10.784" classname="com.accenttech.hrms.testCases.DataDrivenTest"/>
  <testcase name="invalidCredentials" time="14.660" classname="com.accenttech.hrms.testCases.DataDrivenTest"/>
  <testcase name="invalidCredentials" time="11.572" classname="com.accenttech.hrms.testCases.DataDrivenTest"/>
  <testcase name="invalidCredentials" time="12.331" classname="com.accenttech.hrms.testCases.DataDrivenTest"/>
</testsuite> <!-- com.accenttech.hrms.testCases.DataDrivenTest -->
