<?xml version="1.0" encoding="UTF-8"?>
<!-- Generated by org.testng.reporters.JUnitReportReporter -->
<testsuite skipped="3" hostname="DESKTOP-RUAD0RO" name="com.accenttech.hrms.testCases.Test_001" tests="4" failures="0" timestamp="02 May 2021 15:57:36 GMT" time="31.249" errors="0">
  <testcase name="validLogin" time="31.249" classname="com.accenttech.hrms.testCases.Test_001"/>
  <testcase name="invalidPassword" classname="com.accenttech.hrms.testCases.Test_001">
    <skipped/>
  </testcase> <!-- invalidPassword -->
  <testcase name="invalidCredentials" classname="com.accenttech.hrms.testCases.Test_001">
    <skipped/>
  </testcase> <!-- invalidCredentials -->
  <testcase name="invalidusername" classname="com.accenttech.hrms.testCases.Test_001">
    <skipped/>
  </testcase> <!-- invalidusername -->
</testsuite> <!-- com.accenttech.hrms.testCases.Test_001 -->
